TN:
SF:src/config.js
FN:52,readBooleanEnv
FN:63,readPositiveIntEnv
FN:70,getSupervisorSuggestMode
FN:74,getSupervisorMaxQueue
FN:80,getQuotaEnabled
FN:84,getQuotaPollInterval
FN:90,getScreenshotEnabled
FN:94,getScreenshotInterval
FN:98,getScreenshotMax
FN:104,getDevMocksEnabled
FNF:10
FNH:9
FNDA:14,readBooleanEnv
FNDA:37,readPositiveIntEnv
FNDA:1,getSupervisorSuggestMode
FNDA:24,getSupervisorMaxQueue
FNDA:10,getQuotaEnabled
FNDA:3,getQuotaPollInterval
FNDA:3,getScreenshotEnabled
FNDA:7,getScreenshotInterval
FNDA:3,getScreenshotMax
FNDA:0,getDevMocksEnabled
DA:12,17
DA:13,17
DA:16,17
DA:21,17
DA:26,17
DA:29,17
DA:33,17
DA:34,17
DA:35,17
DA:36,17
DA:37,17
DA:38,17
DA:42,17
DA:43,17
DA:44,17
DA:45,17
DA:53,14
DA:54,14
DA:55,3
DA:64,37
DA:65,37
DA:71,1
DA:75,24
DA:81,10
DA:85,3
DA:91,3
DA:95,7
DA:99,3
DA:105,0
DA:110,17
LF:30
LH:29
BRDA:21,0,0,0
BRDA:21,0,1,17
BRDA:33,1,0,17
BRDA:33,1,1,16
BRDA:36,2,0,17
BRDA:36,2,1,17
BRDA:37,3,0,17
BRDA:37,3,1,16
BRDA:38,4,0,17
BRDA:38,4,1,16
BRDA:42,5,0,17
BRDA:42,5,1,17
BRDA:43,6,0,17
BRDA:43,6,1,17
BRDA:44,7,0,17
BRDA:44,7,1,17
BRDA:52,8,0,14
BRDA:53,9,0,14
BRDA:53,9,1,11
BRDA:54,10,0,11
BRDA:54,10,1,3
BRDA:55,11,0,3
BRDA:55,11,1,3
BRDA:55,11,2,2
BRDA:55,11,3,1
BRDA:64,12,0,37
BRDA:64,12,1,32
BRDA:65,13,0,4
BRDA:65,13,1,33
BRDA:65,14,0,37
BRDA:65,14,1,5
BRF:31
BRH:30
end_of_record
TN:
SF:src/quota-service.js
FN:49,clampPercentage
FN:54,asNumber
FN:59,buildStatusLabel
FN:65,buildQuotaBar
FN:72,normalizeModelName
FN:81,readFlagValue
FN:88,parseLanguageServerCommand
FN:108,parseListeningPort
FN:113,listProcessesLinux
FN:117,(anonymous_9)
FN:119,(anonymous_10)
FN:120,(anonymous_11)
FN:121,(anonymous_12)
FN:124,listProcessesWindows
FN:139,(anonymous_14)
FN:144,discoverLanguageServerProcesses
FN:151,getListeningPortsForPid
FN:167,(anonymous_17)
FN:170,(anonymous_18)
FN:179,(anonymous_19)
FN:180,(anonymous_20)
FN:181,(anonymous_21)
FN:192,(anonymous_22)
FN:193,(anonymous_23)
FN:196,(anonymous_24)
FN:199,getCsrfTokenCandidatePaths
FN:207,extractFallbackCsrfToken
FN:221,fetchQuotaPayload
FN:224,(anonymous_28)
FN:238,(anonymous_29)
FN:241,(anonymous_30)
FN:244,(anonymous_31)
FN:267,(anonymous_32)
FN:276,normalizeCreditBucket
FN:292,normalizeQuotaPayload
FN:303,(anonymous_35)
FN:335,(anonymous_36)
FN:338,(anonymous_37)
FN:341,(anonymous_38)
FN:382,buildUnavailableSummary
FN:412,(anonymous_40)
FN:420,(anonymous_41)
FN:424,(anonymous_42)
FN:428,(anonymous_43)
FN:430,(anonymous_44)
FN:435,(anonymous_45)
FN:445,(anonymous_46)
FN:449,(anonymous_47)
FN:452,(anonymous_48)
FN:459,(anonymous_49)
FN:476,(anonymous_50)
FN:490,(anonymous_51)
FN:511,(anonymous_52)
FN:531,(anonymous_53)
FN:537,(anonymous_54)
FN:579,(anonymous_55)
FN:582,(anonymous_56)
FN:583,(anonymous_57)
FN:584,(anonymous_58)
FN:592,(anonymous_59)
FNF:60
FNH:23
FNDA:22,clampPercentage
FNDA:13,asNumber
FNDA:4,buildStatusLabel
FNDA:6,buildQuotaBar
FNDA:6,normalizeModelName
FNDA:5,readFlagValue
FNDA:1,parseLanguageServerCommand
FNDA:0,parseListeningPort
FNDA:0,listProcessesLinux
FNDA:0,(anonymous_9)
FNDA:0,(anonymous_10)
FNDA:0,(anonymous_11)
FNDA:0,(anonymous_12)
FNDA:0,listProcessesWindows
FNDA:0,(anonymous_14)
FNDA:0,discoverLanguageServerProcesses
FNDA:0,getListeningPortsForPid
FNDA:0,(anonymous_17)
FNDA:0,(anonymous_18)
FNDA:0,(anonymous_19)
FNDA:0,(anonymous_20)
FNDA:0,(anonymous_21)
FNDA:0,(anonymous_22)
FNDA:0,(anonymous_23)
FNDA:0,(anonymous_24)
FNDA:0,getCsrfTokenCandidatePaths
FNDA:0,extractFallbackCsrfToken
FNDA:0,fetchQuotaPayload
FNDA:0,(anonymous_28)
FNDA:0,(anonymous_29)
FNDA:0,(anonymous_30)
FNDA:0,(anonymous_31)
FNDA:0,(anonymous_32)
FNDA:4,normalizeCreditBucket
FNDA:2,normalizeQuotaPayload
FNDA:4,(anonymous_35)
FNDA:2,(anonymous_36)
FNDA:4,(anonymous_37)
FNDA:4,(anonymous_38)
FNDA:6,buildUnavailableSummary
FNDA:5,(anonymous_40)
FNDA:3,(anonymous_41)
FNDA:2,(anonymous_42)
FNDA:0,(anonymous_43)
FNDA:0,(anonymous_44)
FNDA:0,(anonymous_45)
FNDA:2,(anonymous_46)
FNDA:1,(anonymous_47)
FNDA:2,(anonymous_48)
FNDA:3,(anonymous_49)
FNDA:0,(anonymous_50)
FNDA:0,(anonymous_51)
FNDA:0,(anonymous_52)
FNDA:2,(anonymous_53)
FNDA:2,(anonymous_54)
FNDA:0,(anonymous_55)
FNDA:0,(anonymous_56)
FNDA:0,(anonymous_57)
FNDA:0,(anonymous_58)
FNDA:0,(anonymous_59)
DA:20,2
DA:22,2
DA:23,2
DA:24,2
DA:26,2
DA:50,22
DA:51,22
DA:55,13
DA:56,13
DA:60,4
DA:61,2
DA:62,2
DA:66,6
DA:67,6
DA:68,6
DA:69,6
DA:73,6
DA:74,1
DA:75,0
DA:82,5
DA:85,5
DA:89,1
DA:90,1
DA:91,1
DA:92,1
DA:94,1
DA:109,0
DA:110,0
DA:114,0
DA:115,0
DA:117,0
DA:119,0
DA:120,0
DA:121,0
DA:125,0
DA:131,0
DA:136,0
DA:137,0
DA:138,0
DA:139,0
DA:140,0
DA:145,0
DA:146,0
DA:148,0
DA:152,0
DA:154,0
DA:155,0
DA:160,0
DA:165,0
DA:166,0
DA:167,0
DA:168,0
DA:170,0
DA:173,0
DA:175,0
DA:176,0
DA:177,0
DA:179,0
DA:180,0
DA:181,0
DA:183,0
DA:190,0
DA:192,0
DA:193,0
DA:196,0
DA:200,0
DA:208,0
DA:209,0
DA:210,0
DA:211,0
DA:212,0
DA:218,0
DA:222,0
DA:224,0
DA:225,0
DA:239,0
DA:240,0
DA:241,0
DA:242,0
DA:244,0
DA:245,0
DA:246,0
DA:249,0
DA:250,0
DA:251,0
DA:254,0
DA:255,0
DA:257,0
DA:267,0
DA:268,0
DA:270,0
DA:271,0
DA:272,0
DA:277,4
DA:278,4
DA:279,4
DA:280,4
DA:281,4
DA:282,4
DA:293,2
DA:294,2
DA:295,2
DA:296,2
DA:297,2
DA:298,2
DA:302,2
DA:304,4
DA:306,4
DA:310,4
DA:314,4
DA:317,4
DA:318,4
DA:320,4
DA:335,2
DA:337,2
DA:338,4
DA:340,2
DA:341,4
DA:343,2
DA:348,2
DA:354,2
DA:383,6
DA:413,5
DA:414,5
DA:415,5
DA:416,5
DA:417,5
DA:421,3
DA:425,2
DA:429,0
DA:430,0
DA:431,0
DA:436,0
DA:437,0
DA:438,0
DA:446,2
DA:449,1
DA:452,2
DA:460,3
DA:461,3
DA:463,3
DA:464,4
DA:465,3
DA:466,4
DA:467,4
DA:468,2
DA:472,3
DA:473,3
DA:477,0
DA:478,0
DA:479,0
DA:482,0
DA:483,0
DA:485,0
DA:486,0
DA:487,0
DA:490,0
DA:495,0
DA:497,0
DA:504,0
DA:505,0
DA:508,0
DA:512,0
DA:514,0
DA:515,0
DA:516,0
DA:517,0
DA:524,0
DA:528,0
DA:532,2
DA:533,2
DA:534,0
DA:537,2
DA:538,2
DA:539,2
DA:540,1
DA:542,1
DA:543,1
DA:544,1
DA:545,1
DA:552,1
DA:553,1
DA:554,1
DA:555,0
DA:557,1
DA:559,0
DA:563,0
DA:565,1
DA:566,1
DA:567,1
DA:568,0
DA:570,1
DA:572,2
DA:576,2
DA:580,0
DA:582,0
DA:583,0
DA:584,0
DA:587,0
DA:588,0
DA:593,0
DA:594,0
DA:595,0
DA:599,2
LF:204
LH:95
BRDA:50,0,0,0
BRDA:50,0,1,22
BRDA:54,1,0,13
BRDA:56,2,0,13
BRDA:56,2,1,0
BRDA:60,3,0,2
BRDA:60,3,1,2
BRDA:61,4,0,0
BRDA:61,4,1,2
BRDA:65,5,0,6
BRDA:72,6,0,6
BRDA:73,7,0,5
BRDA:73,7,1,1
BRDA:74,8,0,1
BRDA:74,8,1,0
BRDA:75,9,0,0
BRDA:75,9,1,0
BRDA:82,10,0,5
BRDA:82,10,1,0
BRDA:85,11,0,4
BRDA:85,11,1,1
BRDA:89,12,0,1
BRDA:89,12,1,0
BRDA:91,13,0,1
BRDA:91,13,1,0
BRDA:92,14,0,1
BRDA:92,14,1,0
BRDA:95,15,0,1
BRDA:95,15,1,0
BRDA:110,16,0,0
BRDA:110,16,1,0
BRDA:136,17,0,0
BRDA:136,17,1,0
BRDA:138,18,0,0
BRDA:138,18,1,0
BRDA:140,19,0,0
BRDA:140,19,1,0
BRDA:140,20,0,0
BRDA:140,20,1,0
BRDA:145,21,0,0
BRDA:145,21,1,0
BRDA:152,22,0,0
BRDA:152,22,1,0
BRDA:154,23,0,0
BRDA:154,23,1,0
BRDA:165,24,0,0
BRDA:165,24,1,0
BRDA:167,25,0,0
BRDA:167,25,1,0
BRDA:212,26,0,0
BRDA:212,26,1,0
BRDA:245,27,0,0
BRDA:245,27,1,0
BRDA:245,28,0,0
BRDA:245,28,1,0
BRDA:247,29,0,0
BRDA:247,29,1,0
BRDA:255,30,0,0
BRDA:255,30,1,0
BRDA:279,31,0,0
BRDA:279,31,1,4
BRDA:292,32,0,2
BRDA:294,33,0,2
BRDA:294,33,1,0
BRDA:295,34,0,2
BRDA:295,34,1,0
BRDA:296,35,0,2
BRDA:296,35,1,0
BRDA:297,36,0,2
BRDA:297,36,1,0
BRDA:298,37,0,2
BRDA:298,37,1,0
BRDA:304,38,0,4
BRDA:304,38,1,0
BRDA:306,39,0,4
BRDA:306,39,1,0
BRDA:306,39,2,0
BRDA:306,39,3,0
BRDA:318,40,0,4
BRDA:318,40,1,0
BRDA:329,41,0,4
BRDA:329,41,1,0
BRDA:358,42,0,2
BRDA:358,42,1,0
BRDA:359,43,0,2
BRDA:359,43,1,0
BRDA:360,44,0,2
BRDA:360,44,1,0
BRDA:362,45,0,2
BRDA:362,45,1,0
BRDA:363,46,0,2
BRDA:363,46,1,0
BRDA:364,47,0,2
BRDA:364,47,1,0
BRDA:365,48,0,2
BRDA:365,48,1,0
BRDA:375,49,0,2
BRDA:375,49,1,0
BRDA:382,50,0,6
BRDA:448,51,0,2
BRDA:448,51,1,0
BRDA:451,52,0,2
BRDA:451,52,1,0
BRDA:464,53,0,1
BRDA:464,53,1,3
BRDA:465,54,0,3
BRDA:465,54,1,0
BRDA:467,55,0,2
BRDA:467,55,1,2
BRDA:478,56,0,0
BRDA:478,56,1,0
BRDA:490,57,0,0
BRDA:490,57,1,0
BRDA:495,58,0,0
BRDA:495,58,1,0
BRDA:499,59,0,0
BRDA:499,59,1,0
BRDA:504,60,0,0
BRDA:504,60,1,0
BRDA:528,61,0,0
BRDA:528,61,1,0
BRDA:531,62,0,2
BRDA:532,63,0,2
BRDA:533,64,0,0
BRDA:533,64,1,2
BRDA:554,65,0,0
BRDA:554,65,1,1
BRDA:563,66,0,0
BRDA:563,66,1,0
BRDA:567,67,0,0
BRDA:567,67,1,1
BRDA:580,68,0,0
BRDA:580,68,1,0
BRDA:580,69,0,0
BRDA:580,69,1,0
BRDA:587,70,0,0
BRDA:587,70,1,0
BRDA:593,71,0,0
BRDA:593,71,1,0
BRF:139
BRH:50
end_of_record
TN:
SF:src/screenshot-timeline.js
FN:26,normalizeMimeType
FN:33,inferExtension
FN:39,inferMimeType
FN:46,isImageFile
FN:50,safeTimestamp
FN:54,formatBytes
FN:61,sortEntries
FN:64,(anonymous_7)
FN:67,toPublicEntry
FN:75,fileExists
FN:96,(anonymous_10)
FN:103,(anonymous_11)
FN:114,(anonymous_12)
FN:128,(anonymous_13)
FN:162,(anonymous_14)
FN:163,(anonymous_15)
FN:168,(anonymous_16)
FN:183,(anonymous_17)
FN:191,(anonymous_18)
FN:207,(anonymous_19)
FN:209,(anonymous_20)
FN:214,(anonymous_21)
FN:225,(anonymous_22)
FN:231,(anonymous_23)
FN:236,(anonymous_24)
FN:281,(anonymous_25)
FN:307,(anonymous_26)
FN:332,(anonymous_27)
FN:355,(anonymous_28)
FN:368,(anonymous_29)
FN:369,(anonymous_30)
FN:370,(anonymous_31)
FN:375,(anonymous_32)
FN:382,(anonymous_33)
FN:384,(anonymous_34)
FN:387,(anonymous_35)
FN:405,(anonymous_36)
FN:409,(anonymous_37)
FNF:38
FNH:20
FNDA:7,normalizeMimeType
FNDA:7,inferExtension
FNDA:0,inferMimeType
FNDA:0,isImageFile
FNDA:7,safeTimestamp
FNDA:32,formatBytes
FNDA:15,sortEntries
FNDA:4,(anonymous_7)
FNDA:32,toPublicEntry
FNDA:0,fileExists
FNDA:6,(anonymous_10)
FNDA:0,(anonymous_11)
FNDA:11,(anonymous_12)
FNDA:4,(anonymous_13)
FNDA:4,(anonymous_14)
FNDA:0,(anonymous_15)
FNDA:0,(anonymous_16)
FNDA:12,(anonymous_17)
FNDA:24,(anonymous_18)
FNDA:0,(anonymous_19)
FNDA:0,(anonymous_20)
FNDA:3,(anonymous_21)
FNDA:11,(anonymous_22)
FNDA:0,(anonymous_23)
FNDA:7,(anonymous_24)
FNDA:4,(anonymous_25)
FNDA:2,(anonymous_26)
FNDA:3,(anonymous_27)
FNDA:0,(anonymous_28)
FNDA:0,(anonymous_29)
FNDA:0,(anonymous_30)
FNDA:0,(anonymous_31)
FNDA:0,(anonymous_32)
FNDA:0,(anonymous_33)
FNDA:0,(anonymous_34)
FNDA:0,(anonymous_35)
FNDA:1,(anonymous_36)
FNDA:0,(anonymous_37)
DA:22,2
DA:23,2
DA:24,2
DA:27,7
DA:28,7
DA:29,7
DA:30,7
DA:34,7
DA:35,7
DA:36,7
DA:40,0
DA:41,0
DA:42,0
DA:43,0
DA:47,0
DA:51,7
DA:55,32
DA:56,32
DA:57,0
DA:58,0
DA:62,15
DA:64,4
DA:68,32
DA:76,0
DA:77,0
DA:78,0
DA:80,0
DA:97,6
DA:98,6
DA:99,6
DA:100,6
DA:101,6
DA:102,6
DA:103,6
DA:104,6
DA:105,6
DA:106,6
DA:107,6
DA:108,6
DA:109,6
DA:110,6
DA:111,6
DA:115,11
DA:116,7
DA:119,4
DA:120,4
DA:121,4
DA:122,4
DA:123,4
DA:124,4
DA:125,4
DA:129,4
DA:130,4
DA:131,4
DA:132,0
DA:133,0
DA:134,0
DA:137,4
DA:140,4
DA:141,4
DA:142,4
DA:143,0
DA:144,0
DA:145,0
DA:146,0
DA:147,0
DA:158,4
DA:159,4
DA:163,4
DA:164,4
DA:165,4
DA:166,0
DA:167,0
DA:168,0
DA:169,0
DA:170,0
DA:180,4
DA:184,12
DA:188,12
DA:192,24
DA:193,24
DA:208,0
DA:209,0
DA:210,0
DA:215,3
DA:216,3
DA:217,0
DA:218,0
DA:226,11
DA:227,11
DA:228,1
DA:229,1
DA:230,1
DA:231,1
DA:233,11
DA:244,7
DA:246,7
DA:247,7
DA:248,0
DA:251,7
DA:252,7
DA:253,0
DA:261,7
DA:262,7
DA:263,7
DA:264,7
DA:265,7
DA:266,7
DA:268,7
DA:271,7
DA:281,7
DA:282,7
DA:283,7
DA:284,7
DA:285,7
DA:286,7
DA:289,7
DA:290,7
DA:292,7
DA:293,2
DA:299,7
DA:308,2
DA:309,2
DA:310,0
DA:313,2
DA:318,2
DA:319,0
DA:322,2
DA:323,0
DA:333,3
DA:334,3
DA:335,0
DA:337,3
DA:338,1
DA:341,2
DA:342,2
DA:348,0
DA:349,0
DA:350,0
DA:351,0
DA:356,0
DA:357,0
DA:359,0
DA:360,0
DA:363,0
DA:364,0
DA:365,0
DA:368,0
DA:369,0
DA:370,0
DA:372,0
DA:376,0
DA:377,0
DA:378,0
DA:383,0
DA:384,0
DA:388,0
DA:389,0
DA:390,0
DA:391,0
DA:394,0
DA:395,0
DA:396,0
DA:399,0
DA:406,1
DA:407,1
DA:408,1
DA:409,1
DA:412,1
DA:413,1
DA:414,1
DA:415,1
DA:416,1
DA:417,1
DA:418,1
DA:420,1
DA:428,2
LF:177
LH:114
BRDA:26,0,0,7
BRDA:27,1,0,7
BRDA:27,1,1,0
BRDA:28,2,0,0
BRDA:28,2,1,7
BRDA:29,3,0,0
BRDA:29,3,1,7
BRDA:34,4,0,0
BRDA:34,4,1,7
BRDA:35,5,0,0
BRDA:35,5,1,7
BRDA:41,6,0,0
BRDA:41,6,1,0
BRDA:42,7,0,0
BRDA:42,7,1,0
BRDA:50,8,0,7
BRDA:55,9,0,32
BRDA:55,9,1,0
BRDA:56,10,0,32
BRDA:56,10,1,0
BRDA:57,11,0,0
BRDA:57,11,1,0
BRDA:96,12,0,6
BRDA:97,13,0,6
BRDA:97,13,1,2
BRDA:98,14,0,6
BRDA:98,14,1,6
BRDA:99,15,0,6
BRDA:99,15,1,2
BRDA:100,16,0,6
BRDA:100,16,1,2
BRDA:101,17,0,6
BRDA:101,17,1,2
BRDA:102,18,0,6
BRDA:102,18,1,5
BRDA:103,19,0,6
BRDA:103,19,1,0
BRDA:115,20,0,7
BRDA:115,20,1,4
BRDA:132,21,0,0
BRDA:132,21,1,0
BRDA:134,22,0,0
BRDA:134,22,1,0
BRDA:140,23,0,4
BRDA:140,23,1,4
BRDA:143,24,0,0
BRDA:143,24,1,0
BRDA:146,25,0,0
BRDA:146,25,1,0
BRDA:149,26,0,0
BRDA:149,26,1,0
BRDA:150,27,0,0
BRDA:150,27,1,0
BRDA:151,28,0,0
BRDA:151,28,1,0
BRDA:152,29,0,0
BRDA:152,29,1,0
BRDA:153,30,0,0
BRDA:153,30,1,0
BRDA:154,31,0,0
BRDA:154,31,1,0
BRDA:159,32,0,4
BRDA:159,32,1,4
BRDA:166,33,0,0
BRDA:166,33,1,0
BRDA:169,34,0,0
BRDA:169,34,1,0
BRDA:214,35,0,3
BRDA:229,36,0,0
BRDA:229,36,1,1
BRDA:236,37,0,7
BRDA:238,38,0,7
BRDA:239,39,0,7
BRDA:240,40,0,7
BRDA:241,41,0,7
BRDA:242,42,0,7
BRDA:246,43,0,7
BRDA:246,43,1,0
BRDA:247,44,0,0
BRDA:247,44,1,7
BRDA:251,45,0,7
BRDA:251,45,1,0
BRDA:252,46,0,0
BRDA:252,46,1,7
BRDA:252,47,0,7
BRDA:252,47,1,2
BRDA:252,47,2,2
BRDA:274,48,0,7
BRDA:274,48,1,0
BRDA:285,49,0,7
BRDA:285,49,1,0
BRDA:292,50,0,2
BRDA:292,50,1,5
BRDA:307,51,0,2
BRDA:307,52,0,2
BRDA:307,53,0,2
BRDA:309,54,0,0
BRDA:309,54,1,2
BRDA:318,55,0,0
BRDA:318,55,1,2
BRDA:319,56,0,0
BRDA:319,56,1,0
BRDA:322,57,0,2
BRDA:322,57,1,0
BRDA:325,58,0,0
BRDA:325,58,1,0
BRDA:333,59,0,3
BRDA:333,59,1,0
BRDA:334,60,0,0
BRDA:334,60,1,3
BRDA:337,61,0,1
BRDA:337,61,1,2
BRDA:355,62,0,0
BRDA:356,63,0,0
BRDA:356,63,1,0
BRDA:359,64,0,0
BRDA:359,64,1,0
BRDA:364,65,0,0
BRDA:364,65,1,0
BRDA:376,66,0,0
BRDA:376,66,1,0
BRDA:383,67,0,0
BRDA:383,67,1,0
BRDA:384,68,0,0
BRDA:384,68,1,0
BRDA:390,69,0,0
BRDA:390,69,1,0
BRDA:395,70,0,0
BRDA:395,70,1,0
BRF:129
BRH:58
end_of_record
TN:
SF:src/session-stats.js
FN:23,(anonymous_0)
FN:28,(anonymous_1)
FN:61,(anonymous_2)
FN:70,(anonymous_3)
FN:88,(anonymous_4)
FN:104,(anonymous_5)
FN:108,(anonymous_6)
FN:118,(anonymous_7)
FN:123,(anonymous_8)
FN:131,(anonymous_9)
FN:146,(anonymous_10)
FN:148,(anonymous_11)
FN:153,(anonymous_12)
FNF:13
FNH:13
FNDA:10,(anonymous_0)
FNDA:11,(anonymous_1)
FNDA:7,(anonymous_2)
FNDA:61,(anonymous_3)
FNDA:120,(anonymous_4)
FNDA:408,(anonymous_5)
FNDA:204,(anonymous_6)
FNDA:204,(anonymous_7)
FNDA:204,(anonymous_8)
FNDA:204,(anonymous_9)
FNDA:1,(anonymous_10)
FNDA:1,(anonymous_11)
FNDA:199,(anonymous_12)
DA:24,10
DA:25,10
DA:29,11
DA:30,11
DA:31,11
DA:32,11
DA:33,11
DA:56,11
DA:57,11
DA:58,11
DA:62,7
DA:63,0
DA:65,7
DA:66,7
DA:67,7
DA:71,61
DA:76,61
DA:77,0
DA:79,61
DA:80,61
DA:81,10
DA:83,61
DA:84,61
DA:85,61
DA:89,120
DA:93,120
DA:94,120
DA:96,120
DA:97,120
DA:98,20
DA:100,120
DA:101,120
DA:105,408
DA:109,204
DA:110,204
DA:111,204
DA:112,204
DA:113,204
DA:114,204
DA:115,204
DA:119,204
DA:120,204
DA:124,204
DA:125,204
DA:132,204
DA:147,1
DA:148,1
DA:149,1
DA:154,199
DA:155,199
DA:156,1
DA:157,1
DA:165,2
LF:53
LH:51
BRDA:28,0,0,11
BRDA:61,1,0,7
BRDA:62,2,0,0
BRDA:62,2,1,7
BRDA:72,3,0,61
BRDA:72,3,1,0
BRDA:73,4,0,61
BRDA:73,4,1,0
BRDA:76,5,0,0
BRDA:76,5,1,61
BRDA:80,6,0,10
BRDA:80,6,1,51
BRDA:90,7,0,120
BRDA:90,7,1,0
BRDA:93,8,0,120
BRDA:93,8,1,0
BRDA:97,9,0,20
BRDA:97,9,1,100
BRDA:113,10,0,0
BRDA:113,10,1,204
BRDA:114,11,0,0
BRDA:114,11,1,204
BRDA:119,12,0,204
BRDA:119,12,1,204
BRDA:124,13,0,204
BRDA:124,13,1,199
BRF:26
BRH:18
end_of_record
TN:
SF:src/supervisor.js
FN:25,normalizeBaseUrl
FN:35,buildChatCompletionsUrl
FN:43,extractText
FN:50,(anonymous_3)
FN:73,extractCompletionText
FN:90,extractPendingCommand
FN:109,detectPendingPromptFromHtml
FN:139,(anonymous_7)
FN:179,evaluateCommandHeuristics
FN:214,(anonymous_9)
FN:250,(anonymous_10)
FN:261,normalizeCommandSignature
FN:274,trimConversation
FN:285,summarizeTopQuotaModel
FN:299,buildLocalAssistReply
FN:378,extractAssistActions
FN:384,(anonymous_16)
FN:426,toSuggestionItem
FN:454,(anonymous_18)
FN:465,(anonymous_19)
FN:469,(anonymous_20)
FN:481,(anonymous_21)
FN:494,(anonymous_22)
FN:497,(anonymous_23)
FN:526,(anonymous_24)
FN:528,(anonymous_25)
FN:540,(anonymous_26)
FN:542,(anonymous_27)
FN:554,(anonymous_28)
FN:556,(anonymous_29)
FN:564,(anonymous_30)
FN:567,(anonymous_31)
FN:573,(anonymous_32)
FN:577,(anonymous_33)
FN:578,(anonymous_34)
FN:584,(anonymous_35)
FN:587,(anonymous_36)
FN:588,(anonymous_37)
FN:589,(anonymous_38)
FN:595,(anonymous_39)
FN:597,(anonymous_40)
FN:603,(anonymous_41)
FN:614,(anonymous_42)
FN:616,(anonymous_43)
FN:625,(anonymous_44)
FN:639,(anonymous_45)
FN:654,(anonymous_46)
FN:661,(anonymous_47)
FN:677,(anonymous_48)
FN:678,(anonymous_49)
FN:681,(anonymous_50)
FN:689,(anonymous_51)
FN:724,(anonymous_52)
FN:745,(anonymous_53)
FN:763,(anonymous_54)
FN:780,(anonymous_55)
FN:809,(anonymous_56)
FN:861,(anonymous_57)
FN:903,(anonymous_58)
FNF:59
FNH:41
FNDA:14,normalizeBaseUrl
FNDA:7,buildChatCompletionsUrl
FNDA:0,extractText
FNDA:0,(anonymous_3)
FNDA:0,extractCompletionText
FNDA:4,extractPendingCommand
FNDA:9,detectPendingPromptFromHtml
FNDA:37,(anonymous_7)
FNDA:30,evaluateCommandHeuristics
FNDA:678,(anonymous_9)
FNDA:278,(anonymous_10)
FNDA:6,normalizeCommandSignature
FNDA:2,trimConversation
FNDA:1,summarizeTopQuotaModel
FNDA:2,buildLocalAssistReply
FNDA:2,extractAssistActions
FNDA:4,(anonymous_16)
FNDA:11,toSuggestionItem
FNDA:7,(anonymous_18)
FNDA:20,(anonymous_19)
FNDA:15,(anonymous_20)
FNDA:5,(anonymous_21)
FNDA:6,(anonymous_22)
FNDA:1,(anonymous_23)
FNDA:1,(anonymous_24)
FNDA:1,(anonymous_25)
FNDA:1,(anonymous_26)
FNDA:1,(anonymous_27)
FNDA:1,(anonymous_28)
FNDA:1,(anonymous_29)
FNDA:0,(anonymous_30)
FNDA:0,(anonymous_31)
FNDA:1,(anonymous_32)
FNDA:0,(anonymous_33)
FNDA:1,(anonymous_34)
FNDA:1,(anonymous_35)
FNDA:1,(anonymous_36)
FNDA:0,(anonymous_37)
FNDA:1,(anonymous_38)
FNDA:4,(anonymous_39)
FNDA:4,(anonymous_40)
FNDA:0,(anonymous_41)
FNDA:0,(anonymous_42)
FNDA:0,(anonymous_43)
FNDA:8,(anonymous_44)
FNDA:7,(anonymous_45)
FNDA:0,(anonymous_46)
FNDA:0,(anonymous_47)
FNDA:5,(anonymous_48)
FNDA:8,(anonymous_49)
FNDA:1,(anonymous_50)
FNDA:0,(anonymous_51)
FNDA:0,(anonymous_52)
FNDA:0,(anonymous_53)
FNDA:0,(anonymous_54)
FNDA:0,(anonymous_55)
FNDA:3,(anonymous_56)
FNDA:2,(anonymous_57)
FNDA:0,(anonymous_58)
DA:11,2
DA:14,2
DA:15,2
DA:18,2
DA:19,2
DA:26,14
DA:27,14
DA:28,14
DA:36,7
DA:44,0
DA:45,0
DA:48,0
DA:49,0
DA:50,0
DA:56,0
DA:57,0
DA:58,0
DA:61,0
DA:62,0
DA:66,0
DA:74,0
DA:75,0
DA:76,0
DA:78,0
DA:79,0
DA:81,0
DA:91,4
DA:96,4
DA:97,4
DA:99,4
DA:110,9
DA:114,9
DA:117,9
DA:121,9
DA:122,4
DA:123,4
DA:125,4
DA:126,4
DA:128,4
DA:129,0
DA:130,0
DA:131,0
DA:134,4
DA:135,0
DA:138,4
DA:139,37
DA:140,4
DA:153,5
DA:156,9
DA:157,3
DA:168,2
DA:180,30
DA:181,30
DA:214,678
DA:215,10
DA:218,20
DA:250,278
DA:251,15
DA:254,5
DA:262,6
DA:275,2
DA:276,2
DA:278,0
DA:286,1
DA:287,0
DA:290,1
DA:291,1
DA:300,2
DA:301,2
DA:302,2
DA:303,2
DA:304,2
DA:305,2
DA:306,2
DA:307,2
DA:308,2
DA:310,2
DA:314,1
DA:319,2
DA:320,1
DA:321,1
DA:322,1
DA:326,1
DA:327,1
DA:328,1
DA:329,1
DA:333,2
DA:334,1
DA:335,1
DA:336,0
DA:338,1
DA:341,2
DA:342,0
DA:343,0
DA:347,0
DA:349,0
DA:352,2
DA:353,0
DA:354,0
DA:357,2
DA:358,0
DA:361,0
DA:362,0
DA:364,0
DA:365,0
DA:367,0
DA:370,2
DA:379,2
DA:380,2
DA:381,2
DA:382,2
DA:384,2
DA:385,4
DA:386,4
DA:387,4
DA:390,2
DA:391,4
DA:392,4
DA:393,0
DA:396,4
DA:397,1
DA:398,3
DA:399,1
DA:400,2
DA:401,1
DA:402,1
DA:403,1
DA:404,0
DA:405,0
DA:406,0
DA:407,0
DA:411,2
DA:416,2
DA:427,11
DA:428,11
DA:429,11
DA:455,7
DA:456,7
DA:457,7
DA:460,7
DA:466,20
DA:470,15
DA:471,15
DA:472,15
DA:473,10
DA:474,7
DA:475,1
DA:476,1
DA:477,1
DA:482,5
DA:483,5
DA:484,0
DA:485,0
DA:486,0
DA:495,6
DA:496,6
DA:497,6
DA:498,6
DA:499,1
DA:502,5
DA:503,5
DA:516,6
DA:517,6
DA:518,6
DA:519,6
DA:527,1
DA:528,1
DA:529,1
DA:530,1
DA:531,1
DA:532,1
DA:533,1
DA:541,1
DA:542,1
DA:543,1
DA:544,1
DA:545,1
DA:546,1
DA:547,1
DA:555,1
DA:556,1
DA:557,1
DA:565,0
DA:566,0
DA:567,0
DA:574,1
DA:575,1
DA:577,0
DA:578,1
DA:585,1
DA:586,1
DA:587,1
DA:588,0
DA:589,1
DA:596,4
DA:597,4
DA:604,0
DA:605,0
DA:606,0
DA:607,0
DA:615,0
DA:616,0
DA:617,0
DA:626,8
DA:627,0
DA:628,0
DA:636,2
DA:640,7
DA:641,7
DA:644,7
DA:645,7
DA:646,7
DA:647,7
DA:648,7
DA:651,7
DA:655,0
DA:662,0
DA:663,0
DA:678,8
DA:682,1
DA:690,0
DA:723,0
DA:724,0
DA:725,0
DA:726,0
DA:729,0
DA:730,0
DA:731,0
DA:733,0
DA:746,0
DA:762,0
DA:763,0
DA:764,0
DA:765,0
DA:768,0
DA:769,0
DA:770,0
DA:771,0
DA:773,0
DA:781,0
DA:782,0
DA:784,0
DA:785,0
DA:793,0
DA:794,0
DA:802,0
DA:810,3
DA:811,3
DA:813,3
DA:814,1
DA:824,2
DA:825,1
DA:835,1
DA:836,1
DA:837,1
DA:845,0
DA:862,2
DA:863,2
DA:864,0
DA:872,2
DA:877,2
DA:879,2
DA:880,2
DA:882,2
DA:883,0
DA:884,0
DA:885,0
DA:886,0
DA:901,0
DA:903,0
DA:908,0
DA:910,0
DA:915,0
DA:918,2
DA:921,2
DA:922,2
DA:930,2
DA:931,2
DA:933,2
DA:942,2
LF:280
LH:182
BRDA:11,0,0,2
BRDA:11,0,1,2
BRDA:11,0,2,2
BRDA:14,1,0,2
BRDA:14,1,1,2
BRDA:15,2,0,2
BRDA:15,2,1,2
BRDA:15,2,2,2
BRDA:18,3,0,2
BRDA:18,3,1,2
BRDA:26,4,0,14
BRDA:26,4,1,0
BRDA:27,5,0,0
BRDA:27,5,1,14
BRDA:28,6,0,14
BRDA:28,6,1,0
BRDA:44,7,0,0
BRDA:44,7,1,0
BRDA:48,8,0,0
BRDA:48,8,1,0
BRDA:56,9,0,0
BRDA:56,9,1,0
BRDA:56,10,0,0
BRDA:56,10,1,0
BRDA:57,11,0,0
BRDA:57,11,1,0
BRDA:57,12,0,0
BRDA:57,12,1,0
BRDA:61,13,0,0
BRDA:61,13,1,0
BRDA:74,14,0,0
BRDA:74,14,1,0
BRDA:75,15,0,0
BRDA:75,15,1,0
BRDA:75,15,2,0
BRDA:76,16,0,0
BRDA:76,16,1,0
BRDA:78,17,0,0
BRDA:78,17,1,0
BRDA:78,17,2,0
BRDA:79,18,0,0
BRDA:79,18,1,0
BRDA:97,19,0,0
BRDA:97,19,1,4
BRDA:110,20,0,0
BRDA:110,20,1,9
BRDA:114,21,0,9
BRDA:114,21,1,5
BRDA:117,22,0,9
BRDA:117,22,1,5
BRDA:121,23,0,4
BRDA:121,23,1,5
BRDA:121,24,0,9
BRDA:121,24,1,4
BRDA:123,25,0,4
BRDA:123,25,1,0
BRDA:125,26,0,4
BRDA:125,26,1,0
BRDA:125,27,0,4
BRDA:125,27,1,4
BRDA:128,28,0,0
BRDA:128,28,1,4
BRDA:130,29,0,0
BRDA:130,29,1,0
BRDA:130,30,0,0
BRDA:130,30,1,0
BRDA:134,31,0,0
BRDA:134,31,1,4
BRDA:144,32,0,4
BRDA:144,32,1,0
BRDA:145,33,0,4
BRDA:145,33,1,0
BRDA:153,34,0,5
BRDA:153,34,1,2
BRDA:156,35,0,3
BRDA:156,35,1,6
BRDA:156,36,0,9
BRDA:156,36,1,3
BRDA:214,37,0,10
BRDA:214,37,1,20
BRDA:250,38,0,15
BRDA:250,38,1,5
BRDA:262,39,0,6
BRDA:262,39,1,0
BRDA:274,40,0,2
BRDA:275,41,0,2
BRDA:275,41,1,0
BRDA:275,42,0,2
BRDA:275,42,1,2
BRDA:276,43,0,2
BRDA:276,43,1,0
BRDA:286,44,0,0
BRDA:286,44,1,1
BRDA:286,45,0,1
BRDA:286,45,1,1
BRDA:286,45,2,1
BRDA:299,46,0,2
BRDA:300,47,0,2
BRDA:300,47,1,0
BRDA:301,48,0,2
BRDA:301,48,1,0
BRDA:302,49,0,2
BRDA:302,49,1,0
BRDA:303,50,0,2
BRDA:303,50,1,0
BRDA:304,51,0,2
BRDA:304,51,1,1
BRDA:305,52,0,1
BRDA:305,52,1,1
BRDA:306,53,0,2
BRDA:306,53,1,1
BRDA:307,54,0,0
BRDA:307,54,1,2
BRDA:310,55,0,1
BRDA:310,55,1,1
BRDA:311,56,0,2
BRDA:311,56,1,1
BRDA:315,57,0,1
BRDA:315,57,1,0
BRDA:315,58,0,1
BRDA:315,58,1,1
BRDA:315,59,0,1
BRDA:315,59,1,1
BRDA:315,60,0,1
BRDA:315,60,1,1
BRDA:319,61,0,1
BRDA:319,61,1,1
BRDA:319,62,0,2
BRDA:319,62,1,1
BRDA:321,63,0,1
BRDA:321,63,1,0
BRDA:326,64,0,1
BRDA:326,64,1,0
BRDA:333,65,0,1
BRDA:333,65,1,1
BRDA:333,66,0,2
BRDA:333,66,1,2
BRDA:335,67,0,0
BRDA:335,67,1,1
BRDA:341,68,0,0
BRDA:341,68,1,2
BRDA:342,69,0,0
BRDA:342,69,1,0
BRDA:352,70,0,0
BRDA:352,70,1,2
BRDA:357,71,0,0
BRDA:357,71,1,2
BRDA:361,72,0,0
BRDA:361,72,1,0
BRDA:364,73,0,0
BRDA:364,73,1,0
BRDA:378,74,0,2
BRDA:379,75,0,2
BRDA:379,75,1,0
BRDA:382,76,0,2
BRDA:382,76,1,1
BRDA:385,77,0,0
BRDA:385,77,1,4
BRDA:385,78,0,4
BRDA:385,78,1,4
BRDA:391,79,0,4
BRDA:391,79,1,0
BRDA:392,80,0,0
BRDA:392,80,1,4
BRDA:392,81,0,4
BRDA:392,81,1,3
BRDA:392,81,2,2
BRDA:396,82,0,1
BRDA:396,82,1,3
BRDA:398,83,0,1
BRDA:398,83,1,2
BRDA:400,84,0,1
BRDA:400,84,1,1
BRDA:402,85,0,1
BRDA:402,85,1,0
BRDA:404,86,0,0
BRDA:404,86,1,0
BRDA:406,87,0,0
BRDA:406,87,1,0
BRDA:411,88,0,2
BRDA:411,88,1,0
BRDA:417,89,0,2
BRDA:417,89,1,0
BRDA:454,90,0,7
BRDA:457,91,0,5
BRDA:457,91,1,2
BRDA:457,92,0,7
BRDA:457,92,1,5
BRDA:457,93,0,5
BRDA:457,93,1,0
BRDA:460,94,0,5
BRDA:460,94,1,2
BRDA:460,95,0,7
BRDA:460,95,1,5
BRDA:460,96,0,5
BRDA:460,96,1,0
BRDA:473,97,0,3
BRDA:473,97,1,7
BRDA:474,98,0,6
BRDA:474,98,1,1
BRDA:485,99,0,0
BRDA:485,99,1,0
BRDA:497,100,0,1
BRDA:497,100,1,1
BRDA:498,101,0,1
BRDA:498,101,1,5
BRDA:506,102,0,5
BRDA:506,102,1,0
BRDA:507,103,0,6
BRDA:507,103,1,0
BRDA:508,104,0,6
BRDA:508,104,1,5
BRDA:509,105,0,6
BRDA:509,105,1,5
BRDA:528,106,0,1
BRDA:528,106,1,1
BRDA:529,107,0,0
BRDA:529,107,1,1
BRDA:542,108,0,1
BRDA:542,108,1,1
BRDA:543,109,0,0
BRDA:543,109,1,1
BRDA:557,110,0,1
BRDA:557,110,1,0
BRDA:567,111,0,0
BRDA:567,111,1,0
BRDA:642,112,0,7
BRDA:642,112,1,7
BRDA:642,112,2,7
BRDA:648,113,0,7
BRDA:648,113,1,0
BRDA:648,114,0,7
BRDA:648,114,1,7
BRDA:713,115,0,0
BRDA:713,115,1,0
BRDA:723,116,0,0
BRDA:723,116,1,0
BRDA:725,117,0,0
BRDA:725,117,1,0
BRDA:736,118,0,0
BRDA:736,118,1,0
BRDA:762,119,0,0
BRDA:762,119,1,0
BRDA:764,120,0,0
BRDA:764,120,1,0
BRDA:770,121,0,0
BRDA:770,121,1,0
BRDA:784,122,0,0
BRDA:784,122,1,0
BRDA:793,123,0,0
BRDA:793,123,1,0
BRDA:813,124,0,1
BRDA:813,124,1,2
BRDA:824,125,0,1
BRDA:824,125,1,1
BRDA:839,126,0,0
BRDA:839,126,1,1
BRDA:840,127,0,0
BRDA:840,127,1,1
BRDA:861,128,0,2
BRDA:862,129,0,2
BRDA:862,129,1,0
BRDA:863,130,0,0
BRDA:863,130,1,2
BRDA:882,131,0,0
BRDA:882,131,1,2
BRDA:884,132,0,0
BRDA:884,132,1,0
BRDA:885,133,0,0
BRDA:885,133,1,0
BRDA:893,134,0,0
BRDA:893,134,1,0
BRDA:894,135,0,0
BRDA:894,135,1,0
BRDA:895,136,0,0
BRDA:895,136,1,0
BRDA:896,137,0,0
BRDA:896,137,1,0
BRDA:897,138,0,0
BRDA:897,138,1,0
BRF:280
BRH:157
end_of_record
TN:
SF:src/utils/hash.js
FN:14,hashString
FNF:1
FNH:1
FNDA:13,hashString
DA:15,13
DA:16,13
DA:17,240
DA:18,240
DA:19,240
DA:21,13
LF:6
LH:6
BRF:0
BRH:0
end_of_record
TN:
SF:src/utils/network.js
FN:16,getLocalIP
FN:35,(anonymous_1)
FN:46,isLocalRequest
FN:72,getJson
FN:73,(anonymous_4)
FN:74,(anonymous_5)
FN:76,(anonymous_6)
FN:77,(anonymous_7)
FNF:8
FNH:8
FNDA:2,getLocalIP
FNDA:1,(anonymous_1)
FNDA:3,isLocalRequest
FNDA:2,getJson
FNDA:2,(anonymous_4)
FNDA:1,(anonymous_5)
FNDA:1,(anonymous_6)
FNDA:1,(anonymous_7)
DA:17,2
DA:19,2
DA:21,2
DA:22,3
DA:23,3
DA:24,2
DA:35,2
DA:36,2
DA:48,3
DA:49,1
DA:52,2
DA:54,3
DA:73,2
DA:74,2
DA:75,1
DA:76,1
DA:77,1
DA:78,1
DA:79,0
LF:19
LH:18
BRDA:22,0,0,3
BRDA:22,0,1,0
BRDA:23,1,0,2
BRDA:23,1,1,1
BRDA:23,2,0,3
BRDA:23,2,1,3
BRDA:27,3,0,1
BRDA:27,3,1,1
BRDA:28,4,0,0
BRDA:28,4,1,1
BRDA:29,5,0,1
BRDA:29,5,1,0
BRDA:36,6,0,1
BRDA:36,6,1,1
BRDA:48,7,0,1
BRDA:48,7,1,2
BRDA:48,8,0,3
BRDA:48,8,1,2
BRDA:48,8,2,2
BRDA:52,9,0,2
BRDA:52,9,1,0
BRDA:52,9,2,0
BRDA:54,10,0,3
BRDA:54,10,1,2
BRDA:54,10,2,2
BRDA:54,10,3,2
BRDA:54,10,4,2
BRDA:54,10,5,1
BRDA:54,10,6,1
BRDA:54,10,7,1
BRDA:54,10,8,1
BRDA:54,10,9,1
BRDA:54,10,10,1
BRDA:54,10,11,1
BRDA:54,10,12,1
BRF:35
BRH:30
end_of_record
TN:
SF:src/utils/telegram.js
FN:73,ensureBotLoaded
FN:114,isRateLimited
FN:134,getThreadId
FN:148,setThreadId
FN:160,sendTelegramNotification
FN:177,sendViaBotApi
FN:223,sendViaWebhook
FN:255,sendTypedNotification
FN:271,sendActionRequired
FN:283,sendSuggestionRequired
FN:306,buildQuotaBar
FN:315,formatQuotaReset
FN:325,formatQuotaMessage
FN:375,registerCommandHandlers
FN:378,(anonymous_14)
FN:395,(anonymous_15)
FN:411,(anonymous_16)
FN:438,(anonymous_17)
FN:465,(anonymous_18)
FN:482,(anonymous_19)
FN:500,(anonymous_20)
FN:518,(anonymous_21)
FN:539,(anonymous_22)
FN:542,(anonymous_23)
FN:545,(anonymous_24)
FN:562,registerCallbackHandlers
FN:565,(anonymous_26)
FN:660,(anonymous_27)
FN:692,registerTelegramHooks
FN:707,initTelegramBot
FN:714,isBotActive
FN:721,getNotificationToggles
FN:728,stopBot
FNF:33
FNH:31
FNDA:9,ensureBotLoaded
FNDA:6,isRateLimited
FNDA:4,getThreadId
FNDA:4,setThreadId
FNDA:8,sendTelegramNotification
FNDA:6,sendViaBotApi
FNDA:1,sendViaWebhook
FNDA:5,sendTypedNotification
FNDA:1,sendActionRequired
FNDA:1,sendSuggestionRequired
FNDA:1,buildQuotaBar
FNDA:1,formatQuotaReset
FNDA:1,formatQuotaMessage
FNDA:9,registerCommandHandlers
FNDA:0,(anonymous_14)
FNDA:0,(anonymous_15)
FNDA:1,(anonymous_16)
FNDA:1,(anonymous_17)
FNDA:1,(anonymous_18)
FNDA:1,(anonymous_19)
FNDA:1,(anonymous_20)
FNDA:1,(anonymous_21)
FNDA:1,(anonymous_22)
FNDA:8,(anonymous_23)
FNDA:8,(anonymous_24)
FNDA:9,registerCallbackHandlers
FNDA:5,(anonymous_26)
FNDA:8,(anonymous_27)
FNDA:3,registerTelegramHooks
FNDA:9,initTelegramBot
FNDA:2,isBotActive
FNDA:1,getNotificationToggles
FNDA:1,stopBot
DA:18,13
DA:19,13
DA:20,13
DA:21,13
DA:26,13
DA:27,13
DA:28,13
DA:32,13
DA:35,13
DA:38,13
DA:51,13
DA:53,13
DA:55,13
DA:57,13
DA:59,13
DA:61,13
DA:63,13
DA:65,13
DA:74,9
DA:75,9
DA:77,9
DA:78,0
DA:79,0
DA:82,9
DA:83,9
DA:84,9
DA:85,9
DA:86,9
DA:89,9
DA:100,9
DA:101,9
DA:103,9
DA:104,9
DA:106,0
DA:107,0
DA:108,0
DA:115,6
DA:117,6
DA:118,0
DA:120,6
DA:121,1
DA:123,5
DA:124,5
DA:135,4
DA:136,4
DA:137,2
DA:139,2
DA:140,2
DA:149,4
DA:161,8
DA:164,7
DA:165,6
DA:169,1
DA:178,6
DA:179,1
DA:180,1
DA:183,5
DA:185,5
DA:191,5
DA:192,4
DA:193,4
DA:194,2
DA:199,5
DA:200,2
DA:205,5
DA:208,5
DA:209,4
DA:212,5
DA:214,0
DA:215,0
DA:224,1
DA:225,1
DA:226,1
DA:236,1
DA:237,0
DA:238,0
DA:240,1
DA:242,0
DA:243,0
DA:257,5
DA:258,1
DA:261,4
DA:272,1
DA:284,1
DA:285,1
DA:286,1
DA:287,1
DA:307,1
DA:308,1
DA:309,1
DA:316,1
DA:317,1
DA:318,1
DA:319,1
DA:326,1
DA:327,0
DA:335,1
DA:336,1
DA:338,1
DA:339,1
DA:343,1
DA:344,1
DA:348,1
DA:349,1
DA:352,1
DA:353,1
DA:354,1
DA:357,1
DA:358,1
DA:361,1
DA:364,1
DA:365,1
DA:370,1
DA:376,9
DA:378,9
DA:379,0
DA:380,0
DA:395,9
DA:396,0
DA:397,0
DA:411,9
DA:412,1
DA:413,1
DA:414,1
DA:415,1
DA:416,1
DA:417,1
DA:418,1
DA:431,0
DA:434,0
DA:438,9
DA:439,1
DA:440,1
DA:441,0
DA:442,0
DA:445,1
DA:446,1
DA:447,1
DA:461,0
DA:465,9
DA:466,1
DA:467,1
DA:468,0
DA:469,0
DA:472,1
DA:473,1
DA:474,1
DA:478,0
DA:482,9
DA:483,1
DA:484,1
DA:485,1
DA:486,1
DA:487,1
DA:488,1
DA:493,0
DA:496,0
DA:500,9
DA:501,1
DA:502,1
DA:503,1
DA:504,1
DA:505,1
DA:506,1
DA:511,0
DA:514,0
DA:518,9
DA:519,1
DA:520,1
DA:521,1
DA:522,1
DA:523,1
DA:524,1
DA:525,1
DA:529,0
DA:532,0
DA:535,0
DA:539,9
DA:540,1
DA:541,1
DA:542,8
DA:545,8
DA:550,1
DA:563,9
DA:565,9
DA:566,5
DA:568,5
DA:571,5
DA:572,1
DA:573,1
DA:574,1
DA:578,1
DA:579,1
DA:585,0
DA:587,1
DA:590,4
DA:591,1
DA:592,1
DA:593,1
DA:597,1
DA:598,1
DA:604,0
DA:606,1
DA:609,3
DA:610,1
DA:611,1
DA:612,1
DA:613,1
DA:617,1
DA:618,1
DA:624,0
DA:626,1
DA:629,2
DA:630,1
DA:631,1
DA:632,1
DA:633,1
DA:637,1
DA:638,0
DA:644,0
DA:646,1
DA:650,1
DA:651,1
DA:652,1
DA:653,1
DA:654,1
DA:655,1
DA:660,8
DA:664,1
DA:665,1
DA:671,1
DA:674,0
DA:693,3
DA:694,3
DA:695,3
DA:696,3
DA:697,3
DA:698,3
DA:699,3
DA:700,3
DA:708,9
DA:715,2
DA:722,1
DA:729,1
DA:730,1
DA:731,1
DA:732,1
DA:734,0
LF:248
LH:209
BRDA:18,0,0,13
BRDA:18,0,1,3
BRDA:19,1,0,13
BRDA:19,1,1,3
BRDA:20,2,0,13
BRDA:20,2,1,12
BRDA:74,3,0,0
BRDA:74,3,1,9
BRDA:77,4,0,0
BRDA:77,4,1,9
BRDA:77,5,0,9
BRDA:77,5,1,9
BRDA:117,6,0,6
BRDA:117,6,1,3
BRDA:120,7,0,1
BRDA:120,7,1,5
BRDA:136,8,0,2
BRDA:136,8,1,2
BRDA:136,9,0,4
BRDA:136,9,1,2
BRDA:160,10,0,8
BRDA:161,11,0,1
BRDA:161,11,1,7
BRDA:161,12,0,8
BRDA:161,12,1,7
BRDA:164,13,0,6
BRDA:164,13,1,1
BRDA:164,14,0,7
BRDA:164,14,1,6
BRDA:177,15,0,6
BRDA:178,16,0,1
BRDA:178,16,1,5
BRDA:191,17,0,4
BRDA:191,17,1,1
BRDA:193,18,0,2
BRDA:193,18,1,2
BRDA:199,19,0,2
BRDA:199,19,1,3
BRDA:208,20,0,4
BRDA:208,20,1,1
BRDA:208,21,0,5
BRDA:208,21,1,4
BRDA:236,22,0,0
BRDA:236,22,1,1
BRDA:255,23,0,5
BRDA:257,24,0,1
BRDA:257,24,1,4
BRDA:257,25,0,5
BRDA:257,25,1,5
BRDA:284,26,0,1
BRDA:284,26,1,0
BRDA:285,27,0,1
BRDA:285,27,1,0
BRDA:286,28,0,1
BRDA:286,28,1,0
BRDA:306,29,0,1
BRDA:307,30,0,1
BRDA:307,30,1,0
BRDA:316,31,0,0
BRDA:316,31,1,1
BRDA:318,32,0,0
BRDA:318,32,1,1
BRDA:326,33,0,0
BRDA:326,33,1,1
BRDA:330,34,0,0
BRDA:330,34,1,0
BRDA:331,35,0,0
BRDA:331,35,1,0
BRDA:336,36,0,1
BRDA:336,36,1,0
BRDA:338,37,0,1
BRDA:338,37,1,0
BRDA:343,38,0,1
BRDA:343,38,1,0
BRDA:348,39,0,1
BRDA:348,39,1,0
BRDA:348,40,0,1
BRDA:348,40,1,0
BRDA:362,41,0,1
BRDA:362,41,1,0
BRDA:362,42,0,1
BRDA:362,42,1,0
BRDA:364,43,0,1
BRDA:364,43,1,0
BRDA:376,44,0,0
BRDA:376,44,1,9
BRDA:379,45,0,0
BRDA:379,45,1,0
BRDA:396,46,0,0
BRDA:396,46,1,0
BRDA:412,47,0,0
BRDA:412,47,1,1
BRDA:413,48,0,1
BRDA:413,48,1,0
BRDA:416,49,0,1
BRDA:416,49,1,0
BRDA:417,50,0,1
BRDA:417,50,1,0
BRDA:422,51,0,1
BRDA:422,51,1,0
BRDA:423,52,0,1
BRDA:423,52,1,0
BRDA:424,53,0,1
BRDA:424,53,1,0
BRDA:425,54,0,1
BRDA:425,54,1,0
BRDA:426,55,0,1
BRDA:426,55,1,0
BRDA:427,56,0,1
BRDA:427,56,1,0
BRDA:439,57,0,0
BRDA:439,57,1,1
BRDA:440,58,0,0
BRDA:440,58,1,1
BRDA:450,59,0,1
BRDA:450,59,1,0
BRDA:451,60,0,1
BRDA:451,60,1,0
BRDA:452,61,0,1
BRDA:452,61,1,0
BRDA:453,62,0,1
BRDA:453,62,1,0
BRDA:454,63,0,1
BRDA:454,63,1,0
BRDA:455,64,0,1
BRDA:455,64,1,0
BRDA:455,65,0,1
BRDA:455,65,1,0
BRDA:456,66,0,1
BRDA:456,66,1,0
BRDA:457,67,0,1
BRDA:457,67,1,0
BRDA:466,68,0,0
BRDA:466,68,1,1
BRDA:467,69,0,0
BRDA:467,69,1,1
BRDA:483,70,0,0
BRDA:483,70,1,1
BRDA:484,71,0,1
BRDA:484,71,1,0
BRDA:487,72,0,1
BRDA:487,72,1,0
BRDA:489,73,0,1
BRDA:489,73,1,0
BRDA:489,74,0,0
BRDA:489,74,1,0
BRDA:501,75,0,0
BRDA:501,75,1,1
BRDA:502,76,0,1
BRDA:502,76,1,0
BRDA:505,77,0,0
BRDA:505,77,1,1
BRDA:507,78,0,0
BRDA:507,78,1,1
BRDA:507,79,0,1
BRDA:507,79,1,0
BRDA:519,80,0,0
BRDA:519,80,1,1
BRDA:520,81,0,1
BRDA:520,81,1,0
BRDA:523,82,0,1
BRDA:523,82,1,0
BRDA:540,83,0,0
BRDA:540,83,1,1
BRDA:542,84,0,8
BRDA:542,84,1,0
BRDA:546,85,0,8
BRDA:546,85,1,0
BRDA:563,86,0,0
BRDA:563,86,1,9
BRDA:566,87,0,0
BRDA:566,87,1,5
BRDA:568,88,0,5
BRDA:568,88,1,0
BRDA:571,89,0,1
BRDA:571,89,1,4
BRDA:571,90,0,5
BRDA:571,90,1,1
BRDA:575,91,0,1
BRDA:575,91,1,0
BRDA:578,92,0,1
BRDA:578,92,1,0
BRDA:590,93,0,1
BRDA:590,93,1,3
BRDA:590,94,0,4
BRDA:590,94,1,1
BRDA:594,95,0,1
BRDA:594,95,1,0
BRDA:597,96,0,1
BRDA:597,96,1,0
BRDA:609,97,0,1
BRDA:609,97,1,2
BRDA:609,98,0,3
BRDA:609,98,1,1
BRDA:610,99,0,1
BRDA:610,99,1,0
BRDA:614,100,0,1
BRDA:614,100,1,0
BRDA:614,101,0,0
BRDA:614,101,1,0
BRDA:617,102,0,1
BRDA:617,102,1,0
BRDA:629,103,0,1
BRDA:629,103,1,1
BRDA:629,104,0,2
BRDA:629,104,1,1
BRDA:630,105,0,1
BRDA:630,105,1,0
BRDA:634,106,0,0
BRDA:634,106,1,1
BRDA:634,107,0,1
BRDA:634,107,1,0
BRDA:637,108,0,0
BRDA:637,108,1,1
BRDA:650,109,0,1
BRDA:650,109,1,0
BRDA:652,110,0,1
BRDA:652,110,1,0
BRDA:656,111,0,0
BRDA:656,111,1,1
BRDA:661,112,0,7
BRDA:661,112,1,1
BRDA:692,113,0,3
BRDA:693,114,0,2
BRDA:693,114,1,1
BRDA:694,115,0,2
BRDA:694,115,1,1
BRDA:695,116,0,1
BRDA:695,116,1,2
BRDA:696,117,0,1
BRDA:696,117,1,2
BRDA:697,118,0,1
BRDA:697,118,1,2
BRDA:698,119,0,1
BRDA:698,119,1,2
BRDA:699,120,0,1
BRDA:699,120,1,2
BRDA:700,121,0,1
BRDA:700,121,1,2
BRDA:715,122,0,2
BRDA:715,122,1,1
BRDA:729,123,0,1
BRDA:729,123,1,0
BRDA:729,124,0,1
BRDA:729,124,1,1
BRF:245
BRH:158
end_of_record
